\BOOKMARK [1][-]{section*.1}{Contents}{}% 1
\BOOKMARK [1][-]{section.1}{Package coinor.grumpy}{}% 2
\BOOKMARK [2][-]{subsection.1.1}{Modules}{section.1}% 3
\BOOKMARK [2][-]{subsection.1.2}{Variables}{section.1}% 4
\BOOKMARK [1][-]{section.2}{Module coinor.grumpy.BB}{}% 5
\BOOKMARK [2][-]{subsection.2.1}{Functions}{section.2}% 6
\BOOKMARK [2][-]{subsection.2.2}{Variables}{section.2}% 7
\BOOKMARK [2][-]{subsection.2.3}{Class BBTree}{section.2}% 8
\BOOKMARK [3][-]{subsubsection.2.3.1}{Methods}{subsection.2.3}% 9
\BOOKMARK [3][-]{subsubsection.2.3.2}{Properties}{subsection.2.3}% 10
\BOOKMARK [1][-]{section.3}{Module coinor.grumpy.forecasting}{}% 11
\BOOKMARK [2][-]{subsection.3.1}{Variables}{section.3}% 12
\BOOKMARK [2][-]{subsection.3.2}{Class ProgressMeasurement}{section.3}% 13
\BOOKMARK [3][-]{subsubsection.3.2.1}{Methods}{subsection.3.2}% 14
\BOOKMARK [3][-]{subsubsection.3.2.2}{Properties}{subsection.3.2}% 15
\BOOKMARK [2][-]{subsection.3.3}{Class TimeForecast}{section.3}% 16
\BOOKMARK [3][-]{subsubsection.3.3.1}{Methods}{subsection.3.3}% 17
\BOOKMARK [3][-]{subsubsection.3.3.2}{Properties}{subsection.3.3}% 18
\BOOKMARK [2][-]{subsection.3.4}{Class DoubleExponentialSmoothingForecaster}{section.3}% 19
\BOOKMARK [3][-]{subsubsection.3.4.1}{Methods}{subsection.3.4}% 20
\BOOKMARK [3][-]{subsubsection.3.4.2}{Properties}{subsection.3.4}% 21
\BOOKMARK [2][-]{subsection.3.5}{Class ForecastingChainedSequences}{section.3}% 22
\BOOKMARK [3][-]{subsubsection.3.5.1}{Methods}{subsection.3.5}% 23
\BOOKMARK [3][-]{subsubsection.3.5.2}{Properties}{subsection.3.5}% 24
\BOOKMARK [1][-]{section.4}{Module coinor.grumpy.polyhedron2D}{}% 25
\BOOKMARK [2][-]{subsection.4.1}{Variables}{section.4}% 26
\BOOKMARK [2][-]{subsection.4.2}{Class Polyhedron2D}{section.4}% 27
\BOOKMARK [3][-]{subsubsection.4.2.1}{Methods}{subsection.4.2}% 28
\BOOKMARK [2][-]{subsection.4.3}{Class Figure}{section.4}% 29
\BOOKMARK [3][-]{subsubsection.4.3.1}{Methods}{subsection.4.3}% 30
\BOOKMARK [1][-]{section*.2}{Index}{}% 31
